Traceback (most recent call last):
  File "/opt/hostedtoolcache/Python/3.11.15/x64/lib/python3.11/site-packages/jupyter_cache/executors/utils.py", line 58, in single_nb_execution
    executenb(
  File "/opt/hostedtoolcache/Python/3.11.15/x64/lib/python3.11/site-packages/nbclient/client.py", line 1323, in execute
    return NotebookClient(nb=nb, resources=resources, km=km, **kwargs).execute()
           ^^^^^^^^^^^^^^^^^^^^^^^^^^^^^^^^^^^^^^^^^^^^^^^^^^^^^^^^^^^^^^^^^^^^^
  File "/opt/hostedtoolcache/Python/3.11.15/x64/lib/python3.11/site-packages/jupyter_core/utils/__init__.py", line 165, in wrapped
    return loop.run_until_complete(inner)
           ^^^^^^^^^^^^^^^^^^^^^^^^^^^^^^
  File "/opt/hostedtoolcache/Python/3.11.15/x64/lib/python3.11/asyncio/base_events.py", line 654, in run_until_complete
    return future.result()
           ^^^^^^^^^^^^^^^
  File "/opt/hostedtoolcache/Python/3.11.15/x64/lib/python3.11/site-packages/nbclient/client.py", line 709, in async_execute
    await self.async_execute_cell(
  File "/opt/hostedtoolcache/Python/3.11.15/x64/lib/python3.11/site-packages/nbclient/client.py", line 1062, in async_execute_cell
    await self._check_raise_for_error(cell, cell_index, exec_reply)
  File "/opt/hostedtoolcache/Python/3.11.15/x64/lib/python3.11/site-packages/nbclient/client.py", line 918, in _check_raise_for_error
    raise CellExecutionError.from_cell_and_msg(cell, exec_reply_content)
nbclient.exceptions.CellExecutionError: An error occurred while executing the following cell:
------------------
rows = len(dimensions_to_try)
cols = 3
samplers = ["irmh", "tune_diag", "tune_full_cov"]
fig, axs = plt.subplots(rows, cols, figsize=(cols * 10, rows * 5))

plt.rcParams.update({"font.size": 22})

for ax, lab in zip(axs[:, 0], dimensions_to_try):
    ax.set(ylabel=f"Dimensions = {lab}")

for ax, lab in zip(axs[0, :], samplers):
    ax.set(title=lab)

for col, experiment in enumerate(samplers):
    for row, dimension in enumerate(dimensions_to_try):
        particles = (
            results[
                (results.experiment == experiment) & (results.dimensions == dimension)
            ]
            .iloc[0]
            .particles
        )
        plot(particles, experiment, dimension, axs[row, col])

fig.tight_layout()
fig.suptitle(
    """Sampler comparison for increasing number of posterior dimensions.
Each plot displays all dimensions from the posterior, overlayed. The red curve is the actual marginal distribution."""
)
plt.show()
------------------


[31m---------------------------------------------------------------------------[39m
[31mValueError[39m                                Traceback (most recent call last)
[36mCell[39m[36m [39m[32mIn[13][39m[32m, line 23[39m
[32m     15[39m     [38;5;28;01mfor[39;00m row, dimension [38;5;129;01min[39;00m [38;5;28menumerate[39m(dimensions_to_try):
[32m     16[39m         particles = (
[32m     17[39m             results[
[32m     18[39m                 (results.experiment == experiment) & (results.dimensions == dimension)
[32m   (...)[39m[32m     21[39m             .particles
[32m     22[39m         )
[32m---> [39m[32m23[39m         [43mplot[49m[43m([49m[43mparticles[49m[43m,[49m[43m [49m[43mexperiment[49m[43m,[49m[43m [49m[43mdimension[49m[43m,[49m[43m [49m[43maxs[49m[43m[[49m[43mrow[49m[43m,[49m[43m [49m[43mcol[49m[43m][49m[43m)[49m
[32m     25[39m fig.tight_layout()
[32m     26[39m fig.suptitle(
[32m     27[39m [38;5;250m    [39m[33;03m"""Sampler comparison for increasing number of posterior dimensions.[39;00m
[32m     28[39m [33;03mEach plot displays all dimensions from the posterior, overlayed. The red curve is the actual marginal distribution."""[39;00m
[32m     29[39m )

[36mCell[39m[36m [39m[32mIn[12][39m[32m, line 8[39m, in [36mplot[39m[34m(post, sampler, dimensions, ax)[39m
[32m      6[39m dimensions = post.shape[[32m1[39m]
[32m      7[39m [38;5;28;01mfor[39;00m dim [38;5;129;01min[39;00m [38;5;28mrange[39m(dimensions):
[32m----> [39m[32m8[39m     x_kde, y_kde, _ = az.kde(post[:, dim])
[32m      9[39m     ax.plot(x_kde, y_kde)
[32m     10[39m     _ = ax.plot(linspace, density()[-[32m1[39m], c=[33m"[39m[33mred[39m[33m"[39m)

[31mValueError[39m: not enough values to unpack (expected 3, got 2)

