Traceback (most recent call last):
  File "/opt/hostedtoolcache/Python/3.11.15/x64/lib/python3.11/site-packages/jupyter_cache/executors/utils.py", line 58, in single_nb_execution
    executenb(
  File "/opt/hostedtoolcache/Python/3.11.15/x64/lib/python3.11/site-packages/nbclient/client.py", line 1323, in execute
    return NotebookClient(nb=nb, resources=resources, km=km, **kwargs).execute()
           ^^^^^^^^^^^^^^^^^^^^^^^^^^^^^^^^^^^^^^^^^^^^^^^^^^^^^^^^^^^^^^^^^^^^^
  File "/opt/hostedtoolcache/Python/3.11.15/x64/lib/python3.11/site-packages/jupyter_core/utils/__init__.py", line 165, in wrapped
    return loop.run_until_complete(inner)
           ^^^^^^^^^^^^^^^^^^^^^^^^^^^^^^
  File "/opt/hostedtoolcache/Python/3.11.15/x64/lib/python3.11/asyncio/base_events.py", line 654, in run_until_complete
    return future.result()
           ^^^^^^^^^^^^^^^
  File "/opt/hostedtoolcache/Python/3.11.15/x64/lib/python3.11/site-packages/nbclient/client.py", line 709, in async_execute
    await self.async_execute_cell(
  File "/opt/hostedtoolcache/Python/3.11.15/x64/lib/python3.11/site-packages/nbclient/client.py", line 1062, in async_execute_cell
    await self._check_raise_for_error(cell, cell_index, exec_reply)
  File "/opt/hostedtoolcache/Python/3.11.15/x64/lib/python3.11/site-packages/nbclient/client.py", line 918, in _check_raise_for_error
    raise CellExecutionError.from_cell_and_msg(cell, exec_reply_content)
nbclient.exceptions.CellExecutionError: An error occurred while executing the following cell:
------------------
# Visualise the initial guess and the data

fig, ax = plt.subplots()

data_kwargs = {"alpha": 0.5, "color": "gray"}
ax.annotate("Data", (13.0, 30.0), **data_kwargs)
solution = solve_save_at(theta_true)
ax = plot_solution(solution, ax=ax, **data_kwargs)

guess_kwargs = {"color": "C3"}
ax.annotate("Initial guess", (7.5, 20.0), **guess_kwargs)
solution = solve_save_at(theta_guess)
ax = plot_solution(solution, ax=ax, **guess_kwargs)
plt.show()
------------------


[31m---------------------------------------------------------------------------[39m
[31mRecursionError[39m                            Traceback (most recent call last)
[36mCell[39m[36m [39m[32mIn[6][39m[32m, line 7[39m
[32m      5[39m data_kwargs = {[33m"[39m[33malpha[39m[33m"[39m: [32m0.5[39m, [33m"[39m[33mcolor[39m[33m"[39m: [33m"[39m[33mgray[39m[33m"[39m}
[32m      6[39m ax.annotate([33m"[39m[33mData[39m[33m"[39m, ([32m13.0[39m, [32m30.0[39m), **data_kwargs)
[32m----> [39m[32m7[39m solution = [43msolve_save_at[49m[43m([49m[43mtheta_true[49m[43m)[49m
[32m      8[39m ax = plot_solution(solution, ax=ax, **data_kwargs)
[32m     10[39m guess_kwargs = {[33m"[39m[33mcolor[39m[33m"[39m: [33m"[39m[33mC3[39m[33m"[39m}

    [31m[... skipping hidden 5 frame][39m

[36mCell[39m[36m [39m[32mIn[5][39m[32m, line 14[39m, in [36msolve_adaptive[39m[34m(theta, save_at)[39m
[32m     11[39m [38;5;129m@jax[39m.jit
[32m     12[39m [38;5;28;01mdef[39;00m[38;5;250m [39m[34msolve_adaptive[39m(theta, *, save_at):
[32m     13[39m     [38;5;66;03m# Use a filter strategy for visualisation (smoother is not compatible with save_at)[39;00m
[32m---> [39m[32m14[39m     init_cond, solver = [43m_make_solver[49m[43m([49m[43mtheta[49m[43m,[49m[43m [49m[43mstrategy_fn[49m[43m=[49m[43mivpsolvers[49m[43m.[49m[43mstrategy_filter[49m[43m)[49m
[32m     15[39m     adaptive_solver = ivpsolvers.adaptive(solver, ssm=ssm)
[32m     16[39m     [38;5;28;01mreturn[39;00m ivpsolve.solve_adaptive_save_at(
[32m     17[39m         init_cond, save_at=save_at, adaptive_solver=adaptive_solver, dt0=[32m0.1[39m, ssm=ssm
[32m     18[39m     )

[36mCell[39m[36m [39m[32mIn[4][39m[32m, line 25[39m, in [36m_make_solver[39m[34m(theta, strategy_fn)[39m
[32m     23[39m [38;5;28;01mdef[39;00m[38;5;250m [39m[34m_make_solver[39m(theta, *, strategy_fn):
[32m     24[39m [38;5;250m    [39m[33;03m"""Build a probdiffeq solver initialised at *theta*, reusing the shared SSM."""[39;00m
[32m---> [39m[32m25[39m     tcoeffs = [43mtaylor[49m[43m.[49m[43modejet_padded_scan[49m[43m([49m
[32m     26[39m [43m        [49m[38;5;28;43;01mlambda[39;49;00m[43m [49m[43my[49m[43m:[49m[43m [49m[43mvf[49m[43m([49m[43my[49m[43m,[49m[43m [49m[43mt[49m[43m=[49m[43mt0[49m[43m,[49m[43m [49m[43mp[49m[43m=[49m[43m([49m[43m)[49m[43m)[49m[43m,[49m[43m [49m[43m([49m[43mtheta[49m[43m,[49m[43m)[49m[43m,[49m[43m [49m[43mnum[49m[43m=[49m[32;43m2[39;49m
[32m     27[39m [43m    [49m[43m)[49m
[32m     28[39m     init_cond, ibm, _ = ivpsolvers.prior_wiener_integrated(
[32m     29[39m         tcoeffs, ssm_fact=[33m"[39m[33mdense[39m[33m"[39m, output_scale=[32m10.0[39m
[32m     30[39m     )
[32m     31[39m     ts0 = ivpsolvers.correction_ts0(vf, ssm=ssm)

[36mFile [39m[32m/opt/hostedtoolcache/Python/3.11.15/x64/lib/python3.11/site-packages/probdiffeq/taylor.py:90[39m, in [36modejet_padded_scan[39m[34m(vf, inits, num)[39m
[32m     87[39m         ys = tree_util.tree_map(unravel, ys)
[32m     88[39m         [38;5;28;01mreturn[39;00m tree_util.ravel_pytree(vf(*ys, **kwargs))[[32m0[39m]
[32m---> [39m[32m90[39m     tcoeffs = [43modejet_padded_scan[49m[43m([49m[43mvf_wrapped[49m[43m,[49m[43m [49m[43minits_flat[49m[43m,[49m[43m [49m[43mnum[49m[43m=[49m[43mnum[49m[43m)[49m
[32m     91[39m     [38;5;28;01mreturn[39;00m tree_util.tree_map(unravel, tcoeffs)
[32m     93[39m [38;5;66;03m# Number of positional arguments in f[39;00m

[36mFile [39m[32m/opt/hostedtoolcache/Python/3.11.15/x64/lib/python3.11/site-packages/probdiffeq/taylor.py:90[39m, in [36modejet_padded_scan[39m[34m(vf, inits, num)[39m
[32m     87[39m         ys = tree_util.tree_map(unravel, ys)
[32m     88[39m         [38;5;28;01mreturn[39;00m tree_util.ravel_pytree(vf(*ys, **kwargs))[[32m0[39m]
[32m---> [39m[32m90[39m     tcoeffs = [43modejet_padded_scan[49m[43m([49m[43mvf_wrapped[49m[43m,[49m[43m [49m[43minits_flat[49m[43m,[49m[43m [49m[43mnum[49m[43m=[49m[43mnum[49m[43m)[49m
[32m     91[39m     [38;5;28;01mreturn[39;00m tree_util.tree_map(unravel, tcoeffs)
[32m     93[39m [38;5;66;03m# Number of positional arguments in f[39;00m

    [31m[... skipping similar frames: odejet_padded_scan at line 90 (2949 times)][39m

[36mFile [39m[32m/opt/hostedtoolcache/Python/3.11.15/x64/lib/python3.11/site-packages/probdiffeq/taylor.py:90[39m, in [36modejet_padded_scan[39m[34m(vf, inits, num)[39m
[32m     87[39m         ys = tree_util.tree_map(unravel, ys)
[32m     88[39m         [38;5;28;01mreturn[39;00m tree_util.ravel_pytree(vf(*ys, **kwargs))[[32m0[39m]
[32m---> [39m[32m90[39m     tcoeffs = [43modejet_padded_scan[49m[43m([49m[43mvf_wrapped[49m[43m,[49m[43m [49m[43minits_flat[49m[43m,[49m[43m [49m[43mnum[49m[43m=[49m[43mnum[49m[43m)[49m
[32m     91[39m     [38;5;28;01mreturn[39;00m tree_util.tree_map(unravel, tcoeffs)
[32m     93[39m [38;5;66;03m# Number of positional arguments in f[39;00m

[36mFile [39m[32m/opt/hostedtoolcache/Python/3.11.15/x64/lib/python3.11/site-packages/probdiffeq/taylor.py:84[39m, in [36modejet_padded_scan[39m[34m(vf, inits, num)[39m
[32m     82[39m [38;5;28;01mif[39;00m [38;5;129;01mnot[39;00m [38;5;28misinstance[39m(inits[[32m0[39m], ArrayLike):
[32m     83[39m     _, unravel = tree_util.ravel_pytree(inits[[32m0[39m])
[32m---> [39m[32m84[39m     inits_flat = [43m[[49m[43mtree_util[49m[43m.[49m[43mravel_pytree[49m[43m([49m[43mm[49m[43m)[49m[43m[[49m[32;43m0[39;49m[43m][49m[43m [49m[38;5;28;43;01mfor[39;49;00m[43m [49m[43mm[49m[43m [49m[38;5;129;43;01min[39;49;00m[43m [49m[43minits[49m[43m][49m
[32m     86[39m     [38;5;28;01mdef[39;00m[38;5;250m [39m[34mvf_wrapped[39m(*ys, **kwargs):
[32m     87[39m         ys = tree_util.tree_map(unravel, ys)

[36mFile [39m[32m/opt/hostedtoolcache/Python/3.11.15/x64/lib/python3.11/site-packages/probdiffeq/taylor.py:84[39m, in [36m<listcomp>[39m[34m(.0)[39m
[32m     82[39m [38;5;28;01mif[39;00m [38;5;129;01mnot[39;00m [38;5;28misinstance[39m(inits[[32m0[39m], ArrayLike):
[32m     83[39m     _, unravel = tree_util.ravel_pytree(inits[[32m0[39m])
[32m---> [39m[32m84[39m     inits_flat = [[43mtree_util[49m[43m.[49m[43mravel_pytree[49m[43m([49m[43mm[49m[43m)[49m[[32m0[39m] [38;5;28;01mfor[39;00m m [38;5;129;01min[39;00m inits]
[32m     86[39m     [38;5;28;01mdef[39;00m[38;5;250m [39m[34mvf_wrapped[39m(*ys, **kwargs):
[32m     87[39m         ys = tree_util.tree_map(unravel, ys)

[36mFile [39m[32m/opt/hostedtoolcache/Python/3.11.15/x64/lib/python3.11/site-packages/probdiffeq/backend/tree_util.py:28[39m, in [36mravel_pytree[39m[34m(tree)[39m
[32m     27[39m [38;5;28;01mdef[39;00m[38;5;250m [39m[34mravel_pytree[39m(tree, /):
[32m---> [39m[32m28[39m     [38;5;28;01mreturn[39;00m [43mjax[49m[43m.[49m[43mflatten_util[49m[43m.[49m[43mravel_pytree[49m[43m([49m[43mtree[49m[43m)[49m

[36mFile [39m[32m/opt/hostedtoolcache/Python/3.11.15/x64/lib/python3.11/site-packages/jax/_src/flatten_util.py:49[39m, in [36mravel_pytree[39m[34m(pytree)[39m
[32m     30[39m [38;5;250m[39m[33;03m"""Ravel (flatten) a pytree of arrays down to a 1D array.[39;00m
[32m     31[39m 
[32m     32[39m [33;03mArgs:[39;00m
[32m   (...)[39m[32m     46[39m 
[32m     47[39m [33;03m"""[39;00m
[32m     48[39m leaves, treedef = tree_flatten(pytree)
[32m---> [39m[32m49[39m flat, unravel_list = [43m_ravel_list[49m[43m([49m[43mleaves[49m[43m)[49m
[32m     50[39m [38;5;28;01mreturn[39;00m flat, HashablePartial(unravel_pytree, treedef, unravel_list)

[36mFile [39m[32m/opt/hostedtoolcache/Python/3.11.15/x64/lib/python3.11/site-packages/jax/_src/flatten_util.py:65[39m, in [36m_ravel_list[39m[34m(lst)[39m
[32m     63[39m   [38;5;28;01mreturn[39;00m lax.full([[32m0[39m], [32m0[39m, [33m"[39m[33mfloat32[39m[33m"[39m), [38;5;28;01mlambda[39;00m _: []
[32m     64[39m from_dtypes = [38;5;28mtuple[39m(dtypes.dtype(l) [38;5;28;01mfor[39;00m l [38;5;129;01min[39;00m lst)
[32m---> [39m[32m65[39m to_dtype = [43mdtypes[49m[43m.[49m[43mresult_type[49m[43m([49m[43m*[49m[43mfrom_dtypes[49m[43m)[49m
[32m     66[39m sizes, shapes = unzip2((np.size(x), np.shape(x)) [38;5;28;01mfor[39;00m x [38;5;129;01min[39;00m lst)
[32m     68[39m [38;5;28;01mif[39;00m [38;5;28mall[39m(dt == to_dtype [38;5;28;01mfor[39;00m dt [38;5;129;01min[39;00m from_dtypes):
[32m     69[39m   [38;5;66;03m# Skip any dtype conversion, resulting in a dtype-polymorphic `unravel`.[39;00m
[32m     70[39m   [38;5;66;03m# See https://github.com/jax-ml/jax/issues/7809.[39;00m

    [31m[... skipping hidden 4 frame][39m

[36mFile [39m[32m/opt/hostedtoolcache/Python/3.11.15/x64/lib/python3.11/site-packages/jax/_src/dtypes.py:1006[39m, in [36mdtype[39m[34m(x)[39m
[32m   1002[39m   [38;5;28;01mreturn[39;00m canonicalize_dtype(dt)
[32m   1003[39m [38;5;66;03m# Jax Arrays, literal arrays, and scalars.[39;00m
[32m   1004[39m [38;5;66;03m# We intentionally do not canonicalize these types: once we've formed an x64[39;00m
[32m   1005[39m [38;5;66;03m# value, that is something we respect irrespective of the x64 mode.[39;00m
[32m-> [39m[32m1006[39m [38;5;28;01melif[39;00m [38;5;28misinstance[39m(x, _types_whose_dtype_should_not_be_canonicalized):
[32m   1007[39m   [38;5;28;01mreturn[39;00m x.dtype
[32m   1009[39m [38;5;28;01mif[39;00m [38;5;28misinstance[39m(x, [38;5;28mstr[39m):

[31mRecursionError[39m: maximum recursion depth exceeded while calling a Python object

