Traceback (most recent call last):
  File "/opt/hostedtoolcache/Python/3.11.15/x64/lib/python3.11/site-packages/jupyter_cache/executors/utils.py", line 58, in single_nb_execution
    executenb(
  File "/opt/hostedtoolcache/Python/3.11.15/x64/lib/python3.11/site-packages/nbclient/client.py", line 1323, in execute
    return NotebookClient(nb=nb, resources=resources, km=km, **kwargs).execute()
           ^^^^^^^^^^^^^^^^^^^^^^^^^^^^^^^^^^^^^^^^^^^^^^^^^^^^^^^^^^^^^^^^^^^^^
  File "/opt/hostedtoolcache/Python/3.11.15/x64/lib/python3.11/site-packages/jupyter_core/utils/__init__.py", line 165, in wrapped
    return loop.run_until_complete(inner)
           ^^^^^^^^^^^^^^^^^^^^^^^^^^^^^^
  File "/opt/hostedtoolcache/Python/3.11.15/x64/lib/python3.11/asyncio/base_events.py", line 654, in run_until_complete
    return future.result()
           ^^^^^^^^^^^^^^^
  File "/opt/hostedtoolcache/Python/3.11.15/x64/lib/python3.11/site-packages/nbclient/client.py", line 709, in async_execute
    await self.async_execute_cell(
  File "/opt/hostedtoolcache/Python/3.11.15/x64/lib/python3.11/site-packages/nbclient/client.py", line 1062, in async_execute_cell
    await self._check_raise_for_error(cell, cell_index, exec_reply)
  File "/opt/hostedtoolcache/Python/3.11.15/x64/lib/python3.11/site-packages/nbclient/client.py", line 918, in _check_raise_for_error
    raise CellExecutionError.from_cell_and_msg(cell, exec_reply_content)
nbclient.exceptions.CellExecutionError: An error occurred while executing the following cell:
------------------
import arviz as az
idata = az.from_dict({"posterior": samples})
az.plot_pair(idata, marginal=True, marginal_kind='kde')
plt.tight_layout();
------------------


[31m---------------------------------------------------------------------------[39m
[31mTypeError[39m                                 Traceback (most recent call last)
[36mCell[39m[36m [39m[32mIn[9][39m[32m, line 3[39m
[32m      1[39m [38;5;28;01mimport[39;00m[38;5;250m [39m[34;01marviz[39;00m[38;5;250m [39m[38;5;28;01mas[39;00m[38;5;250m [39m[34;01maz[39;00m
[32m      2[39m idata = az.from_dict({[33m"[39m[33mposterior[39m[33m"[39m: samples})
[32m----> [39m[32m3[39m [43maz[49m[43m.[49m[43mplot_pair[49m[43m([49m[43midata[49m[43m,[49m[43m [49m[43mmarginal[49m[43m=[49m[38;5;28;43;01mTrue[39;49;00m[43m,[49m[43m [49m[43mmarginal_kind[49m[43m=[49m[33;43m'[39;49m[33;43mkde[39;49m[33;43m'[39;49m[43m)[49m
[32m      4[39m plt.tight_layout();

[31mTypeError[39m: plot_pair() got an unexpected keyword argument 'marginal'

